<?xml version="1.0" encoding="UTF-8"?>
<!-- Generated by org.testng.reporters.JUnitXMLReporter -->
<testsuite hostname="DESKTOP-P32CKUU" name="Test" tests="6" failures="1" timestamp="9 Jan 2021 05:55:52 GMT" time="2.352" errors="0">
  <testcase name="test1" time="0.011" classname="listeners.TestNGListenerDemo"/>
  <testcase name="test2" time="2.308" classname="listeners.TestNGListenerDemo">
    <failure type="org.openqa.selenium.SessionNotCreatedException" message="session not created: This version of ChromeDriver only supports Chrome version 80
Build info: version: &amp;apos;3.141.59&amp;apos;, revision: &amp;apos;e82be7d358&amp;apos;, time: &amp;apos;2018-11-14T08:17:03&amp;apos;
System info: host: &amp;apos;DESKTOP-P32CKUU&amp;apos;, ip: &amp;apos;192.168.1.7&amp;apos;, os.name: &amp;apos;Windows 10&amp;apos;, os.arch: &amp;apos;amd64&amp;apos;, os.version: &amp;apos;10.0&amp;apos;, java.version: &amp;apos;1.8.0_241&amp;apos;
Driver info: driver.version: ChromeDriver
remote stacktrace: Backtrace:
	Ordinal0 [0x00220C83+1707139]
	Ordinal0 [0x001868F1+1075441]
	Ordinal0 [0x000FDFC9+516041]
	Ordinal0 [0x00090554+66900]
	Ordinal0 [0x0008CCE2+52450]
	Ordinal0 [0x000ABFD7+180183]
	Ordinal0 [0x000ABDDD+179677]
	Ordinal0 [0x000A9D4B+171339]
	Ordinal0 [0x00091D4A+73034]
	Ordinal0 [0x00092DC0+77248]
	Ordinal0 [0x00092D59+77145]
	Ordinal0 [0x0019BB67+1162087]
	GetHandleVerifier [0x002BA966+508998]
	GetHandleVerifier [0x002BA6A4+508292]
	GetHandleVerifier [0x002CF7B7+594583]
	GetHandleVerifier [0x002BB1D6+511158]
	Ordinal0 [0x0019402C+1130540]
	Ordinal0 [0x0019D4CB+1168587]
	Ordinal0 [0x0019D633+1168947]
	Ordinal0 [0x001B5B35+1268533]
	BaseThreadInitThunk [0x75DCFA29+25]
	RtlGetAppContainerNamedObjectPath [0x777A75F4+228]
	RtlGetAppContainerNamedObjectPath [0x777A75C4+180]
	(No symbol) [0x00000000]
">
      <![CDATA[org.openqa.selenium.SessionNotCreatedException: session not created: This version of ChromeDriver only supports Chrome version 80
Build info: version: '3.141.59', revision: 'e82be7d358', time: '2018-11-14T08:17:03'
System info: host: 'DESKTOP-P32CKUU', ip: '192.168.1.7', os.name: 'Windows 10', os.arch: 'amd64', os.version: '10.0', java.version: '1.8.0_241'
Driver info: driver.version: ChromeDriver
remote stacktrace: Backtrace:
	Ordinal0 [0x00220C83+1707139]
	Ordinal0 [0x001868F1+1075441]
	Ordinal0 [0x000FDFC9+516041]
	Ordinal0 [0x00090554+66900]
	Ordinal0 [0x0008CCE2+52450]
	Ordinal0 [0x000ABFD7+180183]
	Ordinal0 [0x000ABDDD+179677]
	Ordinal0 [0x000A9D4B+171339]
	Ordinal0 [0x00091D4A+73034]
	Ordinal0 [0x00092DC0+77248]
	Ordinal0 [0x00092D59+77145]
	Ordinal0 [0x0019BB67+1162087]
	GetHandleVerifier [0x002BA966+508998]
	GetHandleVerifier [0x002BA6A4+508292]
	GetHandleVerifier [0x002CF7B7+594583]
	GetHandleVerifier [0x002BB1D6+511158]
	Ordinal0 [0x0019402C+1130540]
	Ordinal0 [0x0019D4CB+1168587]
	Ordinal0 [0x0019D633+1168947]
	Ordinal0 [0x001B5B35+1268533]
	BaseThreadInitThunk [0x75DCFA29+25]
	RtlGetAppContainerNamedObjectPath [0x777A75F4+228]
	RtlGetAppContainerNamedObjectPath [0x777A75C4+180]
	(No symbol) [0x00000000]

	at org.openqa.selenium.remote.W3CHandshakeResponse.lambda$errorHandler$0(W3CHandshakeResponse.java:62)
	at org.openqa.selenium.remote.HandshakeResponse.lambda$getResponseFunction$0(HandshakeResponse.java:30)
	at org.openqa.selenium.remote.ProtocolHandshake.lambda$createSession$0(ProtocolHandshake.java:126)
	at java.util.stream.ReferencePipeline$3$1.accept(ReferencePipeline.java:193)
	at java.util.Spliterators$ArraySpliterator.tryAdvance(Spliterators.java:958)
	at java.util.stream.ReferencePipeline.forEachWithCancel(ReferencePipeline.java:126)
	at java.util.stream.AbstractPipeline.copyIntoWithCancel(AbstractPipeline.java:499)
	at java.util.stream.AbstractPipeline.copyInto(AbstractPipeline.java:486)
	at java.util.stream.AbstractPipeline.wrapAndCopyInto(AbstractPipeline.java:472)
	at java.util.stream.FindOps$FindOp.evaluateSequential(FindOps.java:152)
	at java.util.stream.AbstractPipeline.evaluate(AbstractPipeline.java:234)
	at java.util.stream.ReferencePipeline.findFirst(ReferencePipeline.java:464)
	at org.openqa.selenium.remote.ProtocolHandshake.createSession(ProtocolHandshake.java:128)
	at org.openqa.selenium.remote.ProtocolHandshake.createSession(ProtocolHandshake.java:74)
	at org.openqa.selenium.remote.HttpCommandExecutor.execute(HttpCommandExecutor.java:136)
	at org.openqa.selenium.remote.service.DriverCommandExecutor.execute(DriverCommandExecutor.java:83)
	at org.openqa.selenium.remote.RemoteWebDriver.execute(RemoteWebDriver.java:552)
	at org.openqa.selenium.remote.RemoteWebDriver.startSession(RemoteWebDriver.java:213)
	at org.openqa.selenium.remote.RemoteWebDriver.<init>(RemoteWebDriver.java:131)
	at org.openqa.selenium.chrome.ChromeDriver.<init>(ChromeDriver.java:181)
	at org.openqa.selenium.chrome.ChromeDriver.<init>(ChromeDriver.java:168)
	at org.openqa.selenium.chrome.ChromeDriver.<init>(ChromeDriver.java:123)
	at listeners.TestNGListenerDemo.test2(TestNGListenerDemo.java:29)
... Removed 29 stack frames]]>
    </failure>
  </testcase> <!-- test2 -->
  <testcase name="test3" time="0.002" classname="listeners.TestNGListenerDemo">
    <skipped/>
  </testcase> <!-- test3 -->
  <testcase name="test4" time="0.002" classname="listeners.TestNGListenerDemo2"/>
  <testcase name="test5" time="0.001" classname="listeners.TestNGListenerDemo2"/>
  <testcase name="test6" time="0.001" classname="listeners.TestNGListenerDemo2">
    <skipped/>
  </testcase> <!-- test6 -->
</testsuite> <!-- Test -->
