<?xml version="1.0" encoding="UTF-8"?>
<!-- Generated by org.testng.reporters.JUnitReportReporter -->
<testsuite skipped="1" hostname="DESKTOP-P32CKUU" name="listeners.TestNGListenerDemo" tests="3" failures="0" timestamp="9 Jan 2021 05:55:52 GMT" time="2.321" errors="1">
  <testcase name="test2" time="2.308" classname="listeners.TestNGListenerDemo">
    <error type="org.openqa.selenium.SessionNotCreatedException" message="session not created: This version of ChromeDriver only supports Chrome version 80
Build info: version: &#039;3.141.59&#039;, revision: &#039;e82be7d358&#039;, time: &#039;2018-11-14T08:17:03&#039;
System info: host: &#039;DESKTOP-P32CKUU&#039;, ip: &#039;192.168.1.7&#039;, os.name: &#039;Windows 10&#039;, os.arch: &#039;amd64&#039;, os.version: &#039;10.0&#039;, java.version: &#039;1.8.0_241&#039;
Driver info: driver.version: ChromeDriver
remote stacktrace: Backtrace:
	Ordinal0 [0x00220C83+1707139]
	Ordinal0 [0x001868F1+1075441]
	Ordinal0 [0x000FDFC9+516041]
	Ordinal0 [0x00090554+66900]
	Ordinal0 [0x0008CCE2+52450]
	Ordinal0 [0x000ABFD7+180183]
	Ordinal0 [0x000ABDDD+179677]
	Ordinal0 [0x000A9D4B+171339]
	Ordinal0 [0x00091D4A+73034]
	Ordinal0 [0x00092DC0+77248]
	Ordinal0 [0x00092D59+77145]
	Ordinal0 [0x0019BB67+1162087]
	GetHandleVerifier [0x002BA966+508998]
	GetHandleVerifier [0x002BA6A4+508292]
	GetHandleVerifier [0x002CF7B7+594583]
	GetHandleVerifier [0x002BB1D6+511158]
	Ordinal0 [0x0019402C+1130540]
	Ordinal0 [0x0019D4CB+1168587]
	Ordinal0 [0x0019D633+1168947]
	Ordinal0 [0x001B5B35+1268533]
	BaseThreadInitThunk [0x75DCFA29+25]
	RtlGetAppContainerNamedObjectPath [0x777A75F4+228]
	RtlGetAppContainerNamedObjectPath [0x777A75C4+180]
	(No symbol) [0x00000000]
">
      <![CDATA[org.openqa.selenium.SessionNotCreatedException: session not created: This version of ChromeDriver only supports Chrome version 80
Build info: version: '3.141.59', revision: 'e82be7d358', time: '2018-11-14T08:17:03'
System info: host: 'DESKTOP-P32CKUU', ip: '192.168.1.7', os.name: 'Windows 10', os.arch: 'amd64', os.version: '10.0', java.version: '1.8.0_241'
Driver info: driver.version: ChromeDriver
remote stacktrace: Backtrace:
	Ordinal0 [0x00220C83+1707139]
	Ordinal0 [0x001868F1+1075441]
	Ordinal0 [0x000FDFC9+516041]
	Ordinal0 [0x00090554+66900]
	Ordinal0 [0x0008CCE2+52450]
	Ordinal0 [0x000ABFD7+180183]
	Ordinal0 [0x000ABDDD+179677]
	Ordinal0 [0x000A9D4B+171339]
	Ordinal0 [0x00091D4A+73034]
	Ordinal0 [0x00092DC0+77248]
	Ordinal0 [0x00092D59+77145]
	Ordinal0 [0x0019BB67+1162087]
	GetHandleVerifier [0x002BA966+508998]
	GetHandleVerifier [0x002BA6A4+508292]
	GetHandleVerifier [0x002CF7B7+594583]
	GetHandleVerifier [0x002BB1D6+511158]
	Ordinal0 [0x0019402C+1130540]
	Ordinal0 [0x0019D4CB+1168587]
	Ordinal0 [0x0019D633+1168947]
	Ordinal0 [0x001B5B35+1268533]
	BaseThreadInitThunk [0x75DCFA29+25]
	RtlGetAppContainerNamedObjectPath [0x777A75F4+228]
	RtlGetAppContainerNamedObjectPath [0x777A75C4+180]
	(No symbol) [0x00000000]

	at sun.reflect.NativeConstructorAccessorImpl.newInstance0(Native Method)
	at sun.reflect.NativeConstructorAccessorImpl.newInstance(NativeConstructorAccessorImpl.java:62)
	at sun.reflect.DelegatingConstructorAccessorImpl.newInstance(DelegatingConstructorAccessorImpl.java:45)
	at java.lang.reflect.Constructor.newInstance(Constructor.java:423)
	at org.openqa.selenium.remote.W3CHandshakeResponse.lambda$errorHandler$0(W3CHandshakeResponse.java:62)
	at org.openqa.selenium.remote.HandshakeResponse.lambda$getResponseFunction$0(HandshakeResponse.java:30)
	at org.openqa.selenium.remote.ProtocolHandshake.lambda$createSession$0(ProtocolHandshake.java:126)
	at java.util.stream.ReferencePipeline$3$1.accept(ReferencePipeline.java:193)
	at java.util.Spliterators$ArraySpliterator.tryAdvance(Spliterators.java:958)
	at java.util.stream.ReferencePipeline.forEachWithCancel(ReferencePipeline.java:126)
	at java.util.stream.AbstractPipeline.copyIntoWithCancel(AbstractPipeline.java:499)
	at java.util.stream.AbstractPipeline.copyInto(AbstractPipeline.java:486)
	at java.util.stream.AbstractPipeline.wrapAndCopyInto(AbstractPipeline.java:472)
	at java.util.stream.FindOps$FindOp.evaluateSequential(FindOps.java:152)
	at java.util.stream.AbstractPipeline.evaluate(AbstractPipeline.java:234)
	at java.util.stream.ReferencePipeline.findFirst(ReferencePipeline.java:464)
	at org.openqa.selenium.remote.ProtocolHandshake.createSession(ProtocolHandshake.java:128)
	at org.openqa.selenium.remote.ProtocolHandshake.createSession(ProtocolHandshake.java:74)
	at org.openqa.selenium.remote.HttpCommandExecutor.execute(HttpCommandExecutor.java:136)
	at org.openqa.selenium.remote.service.DriverCommandExecutor.execute(DriverCommandExecutor.java:83)
	at org.openqa.selenium.remote.RemoteWebDriver.execute(RemoteWebDriver.java:552)
	at org.openqa.selenium.remote.RemoteWebDriver.startSession(RemoteWebDriver.java:213)
	at org.openqa.selenium.remote.RemoteWebDriver.<init>(RemoteWebDriver.java:131)
	at org.openqa.selenium.chrome.ChromeDriver.<init>(ChromeDriver.java:181)
	at org.openqa.selenium.chrome.ChromeDriver.<init>(ChromeDriver.java:168)
	at org.openqa.selenium.chrome.ChromeDriver.<init>(ChromeDriver.java:123)
	at listeners.TestNGListenerDemo.test2(TestNGListenerDemo.java:29)
	at sun.reflect.NativeMethodAccessorImpl.invoke0(Native Method)
	at sun.reflect.NativeMethodAccessorImpl.invoke(NativeMethodAccessorImpl.java:62)
	at sun.reflect.DelegatingMethodAccessorImpl.invoke(DelegatingMethodAccessorImpl.java:43)
	at java.lang.reflect.Method.invoke(Method.java:498)
	at org.testng.internal.MethodInvocationHelper.invokeMethod(MethodInvocationHelper.java:100)
	at org.testng.internal.Invoker.invokeMethod(Invoker.java:646)
	at org.testng.internal.Invoker.invokeTestMethod(Invoker.java:811)
	at org.testng.internal.Invoker.invokeTestMethods(Invoker.java:1137)
	at org.testng.internal.TestMethodWorker.invokeTestMethods(TestMethodWorker.java:129)
	at org.testng.internal.TestMethodWorker.run(TestMethodWorker.java:112)
	at org.testng.TestRunner.privateRun(TestRunner.java:753)
	at org.testng.TestRunner.run(TestRunner.java:607)
	at org.testng.SuiteRunner.runTest(SuiteRunner.java:368)
	at org.testng.SuiteRunner.runSequentially(SuiteRunner.java:363)
	at org.testng.SuiteRunner.privateRun(SuiteRunner.java:321)
	at org.testng.SuiteRunner.run(SuiteRunner.java:270)
	at org.testng.SuiteRunnerWorker.runSuite(SuiteRunnerWorker.java:52)
	at org.testng.SuiteRunnerWorker.run(SuiteRunnerWorker.java:86)
	at org.testng.TestNG.runSuitesSequentially(TestNG.java:1284)
	at org.testng.TestNG.runSuitesLocally(TestNG.java:1209)
	at org.testng.TestNG.runSuites(TestNG.java:1124)
	at org.testng.TestNG.run(TestNG.java:1096)
	at org.testng.remote.AbstractRemoteTestNG.run(AbstractRemoteTestNG.java:132)
	at org.testng.remote.RemoteTestNG.initAndRun(RemoteTestNG.java:236)
	at org.testng.remote.RemoteTestNG.main(RemoteTestNG.java:81)
]]>
    </error>
  </testcase> <!-- test2 -->
  <testcase name="test1" time="0.011" classname="listeners.TestNGListenerDemo"/>
  <testcase name="test3" time="0.002" classname="listeners.TestNGListenerDemo">
    <skipped/>
  </testcase> <!-- test3 -->
</testsuite> <!-- listeners.TestNGListenerDemo -->
